<?xml version="1.0" encoding="UTF-8"?>
<!-- Generated by org.testng.reporters.JUnitXMLReporter -->
<testsuite hostname="AUPC0L5B9T" ignored="0" name="Test" tests="4" failures="0" timestamp="10 May 2019 01:24:30 GMT" time="35.247" errors="0">
  <testcase name="doTest" time="1.793" classname="guru99tutorial.day4.Day4"/>
  <testcase name="doTest" time="0.807" classname="guru99tutorial.day4.Day4"/>
  <testcase name="doTest" time="0.871" classname="guru99tutorial.day4.Day4"/>
  <testcase name="doTest" time="0.935" classname="guru99tutorial.day4.Day4"/>
</testsuite> <!-- Test -->
