<?xml version="1.0" encoding="UTF-8"?>
<!-- Generated by org.testng.reporters.JUnitXMLReporter -->
<testsuite hostname="AUPC0L5B9T" ignored="0" name="Test" tests="4" failures="0" timestamp="12 May 2019 22:11:32 GMT" time="43.682" errors="0">
  <testcase name="doTest" time="2.328" classname="guru99tutorial.day5.Day5"/>
  <testcase name="doTest" time="0.905" classname="guru99tutorial.day5.Day5"/>
  <testcase name="doTest" time="1.226" classname="guru99tutorial.day5.Day5"/>
  <testcase name="doTest" time="1.3" classname="guru99tutorial.day5.Day5"/>
</testsuite> <!-- Test -->
