<?xml version="1.0" encoding="UTF-8"?>
<testng-results skipped="0" failed="0" ignored="0" total="4" passed="4">
  <reporter-output>
  </reporter-output>
  <suite name="Suite" duration-ms="43682" started-at="2019-05-12T22:10:48Z" finished-at="2019-05-12T22:11:32Z">
    <groups>
    </groups>
    <test name="Test" duration-ms="43682" started-at="2019-05-12T22:10:48Z" finished-at="2019-05-12T22:11:32Z">
      <class name="guru99tutorial.day5.Day5">
        <test-method status="PASS" signature="setup()[pri:0, instance:guru99tutorial.day5.Day5@326de728]" name="setup" is-config="true" duration-ms="10196" started-at="2019-05-13T08:10:48Z" finished-at="2019-05-13T08:10:58Z">
          <reporter-output>
          </reporter-output>
        </test-method> <!-- setup -->
        <test-method status="PASS" signature="doTest(java.lang.String, java.lang.String, java.lang.String)[pri:0, instance:guru99tutorial.day5.Day5@326de728]" name="doTest" duration-ms="2328" started-at="2019-05-13T08:10:58Z" data-provider="TestDataDay5" finished-at="2019-05-13T08:11:01Z">
          <params>
            <param index="0">
              <value>
                <![CDATA[mngr193327]]>
              </value>
            </param>
            <param index="1">
              <value>
                <![CDATA[AsYvyhU]]>
              </value>
            </param>
            <param index="2">
              <value>
                <![CDATA[t]]>
              </value>
            </param>
          </params>
          <reporter-output>
          </reporter-output>
        </test-method> <!-- doTest -->
        <test-method status="PASS" signature="close()[pri:0, instance:guru99tutorial.day5.Day5@326de728]" name="close" is-config="true" duration-ms="350" started-at="2019-05-13T08:11:01Z" finished-at="2019-05-13T08:11:01Z">
          <reporter-output>
          </reporter-output>
        </test-method> <!-- close -->
        <test-method status="PASS" signature="setup()[pri:0, instance:guru99tutorial.day5.Day5@326de728]" name="setup" is-config="true" duration-ms="9383" started-at="2019-05-13T08:11:01Z" finished-at="2019-05-13T08:11:10Z">
          <reporter-output>
          </reporter-output>
        </test-method> <!-- setup -->
        <test-method status="PASS" signature="doTest(java.lang.String, java.lang.String, java.lang.String)[pri:0, instance:guru99tutorial.day5.Day5@326de728]" name="doTest" duration-ms="905" started-at="2019-05-13T08:11:10Z" data-provider="TestDataDay5" finished-at="2019-05-13T08:11:11Z">
          <params>
            <param index="0">
              <value>
                <![CDATA[invalid]]>
              </value>
            </param>
            <param index="1">
              <value>
                <![CDATA[AsYvyhU]]>
              </value>
            </param>
            <param index="2">
              <value>
                <![CDATA[f]]>
              </value>
            </param>
          </params>
          <reporter-output>
          </reporter-output>
        </test-method> <!-- doTest -->
        <test-method status="PASS" signature="close()[pri:0, instance:guru99tutorial.day5.Day5@326de728]" name="close" is-config="true" duration-ms="1841" started-at="2019-05-13T08:11:11Z" finished-at="2019-05-13T08:11:13Z">
          <reporter-output>
          </reporter-output>
        </test-method> <!-- close -->
        <test-method status="PASS" signature="setup()[pri:0, instance:guru99tutorial.day5.Day5@326de728]" name="setup" is-config="true" duration-ms="6363" started-at="2019-05-13T08:11:13Z" finished-at="2019-05-13T08:11:19Z">
          <reporter-output>
          </reporter-output>
        </test-method> <!-- setup -->
        <test-method status="PASS" signature="doTest(java.lang.String, java.lang.String, java.lang.String)[pri:0, instance:guru99tutorial.day5.Day5@326de728]" name="doTest" duration-ms="1226" started-at="2019-05-13T08:11:19Z" data-provider="TestDataDay5" finished-at="2019-05-13T08:11:21Z">
          <params>
            <param index="0">
              <value>
                <![CDATA[mngr193327]]>
              </value>
            </param>
            <param index="1">
              <value>
                <![CDATA[invalid]]>
              </value>
            </param>
            <param index="2">
              <value>
                <![CDATA[f]]>
              </value>
            </param>
          </params>
          <reporter-output>
          </reporter-output>
        </test-method> <!-- doTest -->
        <test-method status="PASS" signature="close()[pri:0, instance:guru99tutorial.day5.Day5@326de728]" name="close" is-config="true" duration-ms="1798" started-at="2019-05-13T08:11:21Z" finished-at="2019-05-13T08:11:23Z">
          <reporter-output>
          </reporter-output>
        </test-method> <!-- close -->
        <test-method status="PASS" signature="setup()[pri:0, instance:guru99tutorial.day5.Day5@326de728]" name="setup" is-config="true" duration-ms="5986" started-at="2019-05-13T08:11:23Z" finished-at="2019-05-13T08:11:29Z">
          <reporter-output>
          </reporter-output>
        </test-method> <!-- setup -->
        <test-method status="PASS" signature="doTest(java.lang.String, java.lang.String, java.lang.String)[pri:0, instance:guru99tutorial.day5.Day5@326de728]" name="doTest" duration-ms="1300" started-at="2019-05-13T08:11:29Z" data-provider="TestDataDay5" finished-at="2019-05-13T08:11:30Z">
          <params>
            <param index="0">
              <value>
                <![CDATA[invalid]]>
              </value>
            </param>
            <param index="1">
              <value>
                <![CDATA[invalid]]>
              </value>
            </param>
            <param index="2">
              <value>
                <![CDATA[f]]>
              </value>
            </param>
          </params>
          <reporter-output>
          </reporter-output>
        </test-method> <!-- doTest -->
        <test-method status="PASS" signature="close()[pri:0, instance:guru99tutorial.day5.Day5@326de728]" name="close" is-config="true" duration-ms="1898" started-at="2019-05-13T08:11:30Z" finished-at="2019-05-13T08:11:32Z">
          <reporter-output>
          </reporter-output>
        </test-method> <!-- close -->
      </class> <!-- guru99tutorial.day5.Day5 -->
    </test> <!-- Test -->
  </suite> <!-- Suite -->
</testng-results>
